    1  exit
    2  ls /
    3  ls /usr
    4  ls -a
    5  ls -l
    6  ls -la
    7  ls /usr
    8  exit
    9  ls /
   10  pwd
   11  cd ~
   12  pwd
   13  cd -
   14  cd /root
   15  pwd
   16  cd /root
   17  cd usr
   18  cd /usr
   19  pwd
   20  cd /home
   21  mkdir test1
   22  ls
   23  cd /home
   24  mkdir test2/test3
   25  cd /home
   26  mkdir -p test2/test3
   27  ls test2
   28  cd /home
   29  touch test1/index.php
   30  ls test1
   31  cd /home/test1 && ls
   32  cd /home/test1
   33  index.php copy.php
   34  cd index.php copy.php
   35  cp index.php copy.php
   36  ls
   37  /home
   38  cd /home
   39  mv test2/test3 test3
   40  ls
   41  cd /home
   42  mv test4 test1_copy
   43  mv test4 test1_copy
   44  cd /home
   45  cp -r test1 test4
   46  ls
   47  ls test4
   48  cd /home
   49  mv test4 test1_copy
   50  ls
   51  cd /home
   52  ls test1
   53  rm test1/copy.php
   54  ls test1
   55  cd /home
   56  rm -r test3
   57  ls
   58  cd /home
   59  rm test1_copy/*.php
   60  ls test1_copy
   61  ls
   62  ls test1
   63  cat README.md
   64  cd /home
   65  echo '# Hello World' > README.md
   66  cat README.md
   67  echo '# Server Lesson' > README.md
   68  cat README.md
   69  cd /home
   70  echo 'Linux Practice' >> README.md
   71  echo '-----------------' >> README.md
   72  cat README.md
   73  cd /home
   74  vi README.md
   75  vi README.md
   76  cd /root
   77  mkdir server_lesson && cd server_lesson
   78  yum update -y && yum -y install git
   79  git varsion
   80  git version
   81  git init
   82  touch first.txt
   83  pwd
   84  mkdir -p linux_practice1/public
   85  ls
   86  ls linux_practice1
   87  touch public/index.php
   88  cd linux_practice1
   89  touch public/index.php
   90  ls
   91  ls public
   92  cd server_lesson
   93  cd -
   94  cd linux_practice1/public
   95  cp index.php index_bk.php
   96  ls
   97  cd server_lesson
   98  cd ../../
   99  cd linux_practice1
  100  cp -r public tmp
  101  ls
  102  cd tmp
  103  ls
  104  cd -
  105  ls temp
  106  ls tmp
  107  cd ../
  108  ls tmp
  109  cd linux_practice1
  110  rm tmp/index_bk.php
  111  ls tmp
  112  cd ../
  113  touch README.md
  114  ls
  115  git status
  116  git add .
  117  git status
  118  git commit -m "ç·´ç¿’å•é¡Œ1"
  119  git status
  120  git log
  121  mkdir -p linux_practice2/documents
  122  ls
  123  ls linux_practice2
  124  git add .
  125  git status
  126  git commit -m "ç·´ç¿’å•é¡Œ2é€”ä¸­"
  127  git status
  128  ls
  129  å git add linux_practice2
  130  git log
  131  cd linux_practice2
  132  touch documents/gizumo{01..50}.md
  133  ls documents
  134  git status
  135  git add linux_practice2
  136  git add .
  137  git log
  138  git status
  139  git reset /documents/
  140  git reset /documents
  141  git reset documents
  142  git status
  143  cd ../
  144  git status
  145  git add linux_practice2
  146  git log
  147  git status
  148  git commit -m "practice2-1"
  149  git log
  150  git config user.email itou.1122.s@gmail.com
  151  git config user.name saki-itou
  152  git commit -m "practice2-1"
  153  git log
  154  exit
  155  pwd
  156  cd server_lesson
  157  cd /root
  158  cd server_lesson
  159  ls
  160  ls linux_practice2
  161  ls documents
  162  ls linux_practice2/documents
  163  cd linux_practice2
  164  mkdir trash
  165  ls linux_practice2
  166  ls
  167  mv gizumo{20..40}.md trash/.
  168  ls documents
  169  cd documents
  170  mv gizumo{20..40}.md trash/.
  171  cd ../
  172  mv documents/gizumo{20..40}.md trash/.
  173  ls trash
  174  touch .gitignore
  175  ls
  176  ls -a
  177  cd ../
  178  git status
  179  git add .
  180  git status
  181  git add linux_practice2/trash/
  182  git add linux_practice2/.gitignore
  183  git status
  184  git commit -m "move gizumo20.md~gizumo40.md trash"
  185  git log
  186  ls linux_practice2/trash
  187  exit
  188  cd /root
  189  cd server_lesson
  190  ls
  191  vi README.md
  192  vi README.md
  193  vi .gitignore
  194  ls linux_practice2/trash
  195  git status
  196  vi .gitignore
  197  git status
  198  ls linux_practice2/trash
  199  ls .gitignore
  200  ls linux_practice2/.gitignore
  201  git diff
  202  ls linux_practice2/documents
  203  git status --ignored
  204  git add .gitignore
  205  git status --ignored
  206  git status
  207  git reset .gitignore
  208  git status
  209  vi ..gitignore
  210  git status
  211  git log
  212  git status --ignored
  213  rm ..gitignore
  214  ls -a
  215  git ls-files --other --ignored --exclude-standard
  216  git ls
  217  ls
  218  vi .gitignore
  219  git add .
  220  git status
  221  git commit -m "create .gitignore"
  222  git rm --cached ãƒ•ã‚gizumo{20..29}.md
  223* 
  224  git rm --cached gizumo20.md
  225  cd linux_practice/documents
  226  cd linux_practice2/documents
  227  git rm --cached gizumo{20..29}.md
  228  cd ../../
  229  git status
  230  git add .
  231  git commit -m "gizumo20.md-gizumo29.md exclusion"
  232  git status --ignored
  233  ls linux_practice2/documents
  234  ls linux_practice2/trash
  235  git ls-files
  236  ls linux_practice2/documents
  237  ls linux_practice2/trash
  238  cd linux_practice2
  239  history 300 > exec_command.log
